<?xml version="1.0" encoding="UTF-8"?>
<testng-results ignored="0" total="4" passed="3" failed="1" skipped="0">
  <reporter-output>
  </reporter-output>
  <suite started-at="2021-07-10T21:51:40 IST" name="Suite" finished-at="2021-07-10T21:52:12 IST" duration-ms="31507">
    <groups>
    </groups>
    <test started-at="2021-07-10T21:51:40 IST" name="apptest" finished-at="2021-07-10T21:51:40 IST" duration-ms="10">
    </test> <!-- apptest -->
    <test started-at="2021-07-10T21:51:41 IST" name="Validating User login" finished-at="2021-07-10T21:51:53 IST" duration-ms="12916">
      <class name="Academy.Homepage">
        <test-method is-config="true" signature="initialize()[pri:0, instance:Academy.Homepage@436390f4]" started-at="2021-07-10T21:51:41 IST" name="initialize" finished-at="2021-07-10T21:51:43 IST" duration-ms="2845" status="PASS">
          <reporter-output>
          </reporter-output>
        </test-method> <!-- initialize -->
        <test-method signature="basePageNavigation(java.lang.String,java.lang.String,java.lang.String)[pri:0, instance:Academy.Homepage@436390f4]" started-at="2021-07-10T21:51:43 IST" name="basePageNavigation" data-provider="getData" finished-at="2021-07-10T21:51:50 IST" duration-ms="6599" status="PASS">
          <params>
            <param index="0">
              <value>
                <![CDATA[nonrestricteduser@qw.com]]>
              </value>
            </param>
            <param index="1">
              <value>
                <![CDATA[123456]]>
              </value>
            </param>
            <param index="2">
              <value>
                <![CDATA[nonrestricted user]]>
              </value>
            </param>
          </params>
          <reporter-output>
          </reporter-output>
        </test-method> <!-- basePageNavigation -->
        <test-method signature="basePageNavigation(java.lang.String,java.lang.String,java.lang.String)[pri:0, instance:Academy.Homepage@436390f4]" started-at="2021-07-10T21:51:50 IST" name="basePageNavigation" data-provider="getData" finished-at="2021-07-10T21:51:53 IST" duration-ms="3076" status="PASS">
          <params>
            <param index="0">
              <value>
                <![CDATA[restricteduser@qw.com]]>
              </value>
            </param>
            <param index="1">
              <value>
                <![CDATA[123456]]>
              </value>
            </param>
            <param index="2">
              <value>
                <![CDATA[restricted user]]>
              </value>
            </param>
          </params>
          <reporter-output>
          </reporter-output>
        </test-method> <!-- basePageNavigation -->
        <test-method is-config="true" signature="tearDowm()[pri:0, instance:Academy.Homepage@436390f4]" started-at="2021-07-10T21:51:53 IST" name="tearDowm" finished-at="2021-07-10T21:51:53 IST" duration-ms="332" status="PASS">
          <reporter-output>
          </reporter-output>
        </test-method> <!-- tearDowm -->
      </class> <!-- Academy.Homepage -->
    </test> <!-- Validating User login -->
    <test started-at="2021-07-10T21:51:54 IST" name="Validating title" finished-at="2021-07-10T21:52:05 IST" duration-ms="11492">
      <class name="Academy.ValidateTitle">
        <test-method is-config="true" signature="initialize()[pri:0, instance:Academy.ValidateTitle@4d0402b]" started-at="2021-07-10T21:51:54 IST" name="initialize" finished-at="2021-07-10T21:52:04 IST" duration-ms="10471" status="PASS">
          <reporter-output>
          </reporter-output>
        </test-method> <!-- initialize -->
        <test-method signature="validatetitle()[pri:0, instance:Academy.ValidateTitle@4d0402b]" started-at="2021-07-10T21:52:04 IST" name="validatetitle" finished-at="2021-07-10T21:52:04 IST" duration-ms="261" status="FAIL">
          <exception class="java.lang.AssertionError">
            <message>
              <![CDATA[expected [FEATURED COURSES123] but found [FEATURED COURSES]]]>
            </message>
            <full-stacktrace>
              <![CDATA[java.lang.AssertionError: expected [FEATURED COURSES123] but found [FEATURED COURSES]
at org.testng.Assert.fail(Assert.java:99)
at org.testng.Assert.failNotEquals(Assert.java:1037)
at org.testng.Assert.assertEqualsImpl(Assert.java:140)
at org.testng.Assert.assertEquals(Assert.java:122)
at org.testng.Assert.assertEquals(Assert.java:629)
at org.testng.Assert.assertEquals(Assert.java:639)
at Academy.ValidateTitle.validatetitle(ValidateTitle.java:42)
at java.base/jdk.internal.reflect.NativeMethodAccessorImpl.invoke0(Native Method)
at java.base/jdk.internal.reflect.NativeMethodAccessorImpl.invoke(NativeMethodAccessorImpl.java:62)
at java.base/jdk.internal.reflect.DelegatingMethodAccessorImpl.invoke(DelegatingMethodAccessorImpl.java:43)
at java.base/java.lang.reflect.Method.invoke(Method.java:566)
at org.testng.internal.MethodInvocationHelper.invokeMethod(MethodInvocationHelper.java:133)
at org.testng.internal.TestInvoker.invokeMethod(TestInvoker.java:598)
at org.testng.internal.TestInvoker.invokeTestMethod(TestInvoker.java:173)
at org.testng.internal.MethodRunner.runInSequence(MethodRunner.java:46)
at org.testng.internal.TestInvoker$MethodInvocationAgent.invoke(TestInvoker.java:824)
at org.testng.internal.TestInvoker.invokeTestMethods(TestInvoker.java:146)
at org.testng.internal.TestMethodWorker.invokeTestMethods(TestMethodWorker.java:146)
at org.testng.internal.TestMethodWorker.run(TestMethodWorker.java:128)
at java.base/java.util.ArrayList.forEach(ArrayList.java:1540)
at org.testng.TestRunner.privateRun(TestRunner.java:794)
at org.testng.TestRunner.run(TestRunner.java:596)
at org.testng.SuiteRunner.runTest(SuiteRunner.java:377)
at org.testng.SuiteRunner.runSequentially(SuiteRunner.java:371)
at org.testng.SuiteRunner.privateRun(SuiteRunner.java:332)
at org.testng.SuiteRunner.run(SuiteRunner.java:276)
at org.testng.SuiteRunnerWorker.runSuite(SuiteRunnerWorker.java:53)
at org.testng.SuiteRunnerWorker.run(SuiteRunnerWorker.java:96)
at org.testng.TestNG.runSuitesSequentially(TestNG.java:1212)
at org.testng.TestNG.runSuitesLocally(TestNG.java:1134)
at org.testng.TestNG.runSuites(TestNG.java:1063)
at org.testng.TestNG.run(TestNG.java:1031)
at org.testng.remote.AbstractRemoteTestNG.run(AbstractRemoteTestNG.java:115)
at org.testng.remote.RemoteTestNG.initAndRun(RemoteTestNG.java:251)
at org.testng.remote.RemoteTestNG.main(RemoteTestNG.java:77)
]]>
            </full-stacktrace>
          </exception> <!-- java.lang.AssertionError -->
          <reporter-output>
          </reporter-output>
        </test-method> <!-- validatetitle -->
        <test-method is-config="true" signature="tearDowm()[pri:0, instance:Academy.ValidateTitle@4d0402b]" started-at="2021-07-10T21:52:05 IST" name="tearDowm" finished-at="2021-07-10T21:52:05 IST" duration-ms="278" status="PASS">
          <reporter-output>
          </reporter-output>
        </test-method> <!-- tearDowm -->
      </class> <!-- Academy.ValidateTitle -->
    </test> <!-- Validating title -->
    <test started-at="2021-07-10T21:52:05 IST" name="Validation nav bar" finished-at="2021-07-10T21:52:12 IST" duration-ms="6321">
      <class name="Academy.ValidateNavbar">
        <test-method is-config="true" signature="initialize()[pri:0, instance:Academy.ValidateNavbar@3f2049b6]" started-at="2021-07-10T21:52:05 IST" name="initialize" finished-at="2021-07-10T21:52:11 IST" duration-ms="5820" status="PASS">
          <reporter-output>
          </reporter-output>
        </test-method> <!-- initialize -->
        <test-method signature="validatenavebar()[pri:0, instance:Academy.ValidateNavbar@3f2049b6]" started-at="2021-07-10T21:52:11 IST" name="validatenavebar" finished-at="2021-07-10T21:52:11 IST" duration-ms="238" status="PASS">
          <reporter-output>
          </reporter-output>
        </test-method> <!-- validatenavebar -->
        <test-method is-config="true" signature="tearDowm()[pri:0, instance:Academy.ValidateNavbar@3f2049b6]" started-at="2021-07-10T21:52:11 IST" name="tearDowm" finished-at="2021-07-10T21:52:12 IST" duration-ms="260" status="PASS">
          <reporter-output>
          </reporter-output>
        </test-method> <!-- tearDowm -->
      </class> <!-- Academy.ValidateNavbar -->
    </test> <!-- Validation nav bar -->
  </suite> <!-- Suite -->
</testng-results>
